CRITICAL - 2020-08-23 08:10:30 --> Call to undefined function App\Models\oci_connect()
#0 C:\xampp\htdocs\arthur\app\Controllers\Home.php(13): App\Models\Conexao->Conectar()
#1 C:\xampp\htdocs\arthur\system\CodeIgniter.php(914): App\Controllers\Home->index()
#2 C:\xampp\htdocs\arthur\system\CodeIgniter.php(400): CodeIgniter\CodeIgniter->runController(Object(App\Controllers\Home))
#3 C:\xampp\htdocs\arthur\system\CodeIgniter.php(308): CodeIgniter\CodeIgniter->handleRequest(NULL, Object(Config\Cache), false)
#4 C:\xampp\htdocs\arthur\index.php(45): CodeIgniter\CodeIgniter->run()
#5 {main}
CRITICAL - 2020-08-23 10:03:16 --> Call to undefined function App\Models\oci_connect()
#0 C:\xampp\htdocs\arthur\app\Controllers\Home.php(13): App\Models\Conexao->Conectar()
#1 C:\xampp\htdocs\arthur\system\CodeIgniter.php(914): App\Controllers\Home->index()
#2 C:\xampp\htdocs\arthur\system\CodeIgniter.php(400): CodeIgniter\CodeIgniter->runController(Object(App\Controllers\Home))
#3 C:\xampp\htdocs\arthur\system\CodeIgniter.php(308): CodeIgniter\CodeIgniter->handleRequest(NULL, Object(Config\Cache), false)
#4 C:\xampp\htdocs\arthur\index.php(45): CodeIgniter\CodeIgniter->run()
#5 {main}
CRITICAL - 2020-08-23 10:26:12 --> Call to undefined function App\Models\oci_connect()
#0 C:\xampp\htdocs\arthur\app\Controllers\Home.php(13): App\Models\Conexao->Conectar()
#1 C:\xampp\htdocs\arthur\system\CodeIgniter.php(914): App\Controllers\Home->index()
#2 C:\xampp\htdocs\arthur\system\CodeIgniter.php(400): CodeIgniter\CodeIgniter->runController(Object(App\Controllers\Home))
#3 C:\xampp\htdocs\arthur\system\CodeIgniter.php(308): CodeIgniter\CodeIgniter->handleRequest(NULL, Object(Config\Cache), false)
#4 C:\xampp\htdocs\arthur\index.php(45): CodeIgniter\CodeIgniter->run()
#5 {main}
CRITICAL - 2020-08-23 10:42:22 --> Call to undefined function App\Models\oci_connect()
#0 C:\xampp\htdocs\arthur\app\Controllers\Home.php(13): App\Models\Conexao->Conectar()
#1 C:\xampp\htdocs\arthur\system\CodeIgniter.php(914): App\Controllers\Home->index()
#2 C:\xampp\htdocs\arthur\system\CodeIgniter.php(400): CodeIgniter\CodeIgniter->runController(Object(App\Controllers\Home))
#3 C:\xampp\htdocs\arthur\system\CodeIgniter.php(308): CodeIgniter\CodeIgniter->handleRequest(NULL, Object(Config\Cache), false)
#4 C:\xampp\htdocs\arthur\index.php(45): CodeIgniter\CodeIgniter->run()
#5 {main}
CRITICAL - 2020-08-23 10:42:48 --> Call to undefined function App\Models\oci_connect()
#0 C:\xampp\htdocs\arthur\app\Controllers\Home.php(13): App\Models\Conexao->Conectar()
#1 C:\xampp\htdocs\arthur\system\CodeIgniter.php(914): App\Controllers\Home->index()
#2 C:\xampp\htdocs\arthur\system\CodeIgniter.php(400): CodeIgniter\CodeIgniter->runController(Object(App\Controllers\Home))
#3 C:\xampp\htdocs\arthur\system\CodeIgniter.php(308): CodeIgniter\CodeIgniter->handleRequest(NULL, Object(Config\Cache), false)
#4 C:\xampp\htdocs\arthur\index.php(45): CodeIgniter\CodeIgniter->run()
#5 {main}
CRITICAL - 2020-08-23 10:42:50 --> Call to undefined function App\Models\oci_connect()
#0 C:\xampp\htdocs\arthur\app\Controllers\Home.php(13): App\Models\Conexao->Conectar()
#1 C:\xampp\htdocs\arthur\system\CodeIgniter.php(914): App\Controllers\Home->index()
#2 C:\xampp\htdocs\arthur\system\CodeIgniter.php(400): CodeIgniter\CodeIgniter->runController(Object(App\Controllers\Home))
#3 C:\xampp\htdocs\arthur\system\CodeIgniter.php(308): CodeIgniter\CodeIgniter->handleRequest(NULL, Object(Config\Cache), false)
#4 C:\xampp\htdocs\arthur\index.php(45): CodeIgniter\CodeIgniter->run()
#5 {main}
CRITICAL - 2020-08-23 10:58:01 --> Call to undefined function App\Models\oci_connect()
#0 C:\xampp\htdocs\arthur\app\Controllers\Home.php(13): App\Models\Conexao->Conectar()
#1 C:\xampp\htdocs\arthur\system\CodeIgniter.php(914): App\Controllers\Home->index()
#2 C:\xampp\htdocs\arthur\system\CodeIgniter.php(400): CodeIgniter\CodeIgniter->runController(Object(App\Controllers\Home))
#3 C:\xampp\htdocs\arthur\system\CodeIgniter.php(308): CodeIgniter\CodeIgniter->handleRequest(NULL, Object(Config\Cache), false)
#4 C:\xampp\htdocs\arthur\index.php(45): CodeIgniter\CodeIgniter->run()
#5 {main}
CRITICAL - 2020-08-23 10:59:11 --> Call to undefined function App\Models\oci_connect()
#0 C:\xampp\htdocs\arthur\app\Controllers\Home.php(13): App\Models\Conexao->Conectar()
#1 C:\xampp\htdocs\arthur\system\CodeIgniter.php(914): App\Controllers\Home->index()
#2 C:\xampp\htdocs\arthur\system\CodeIgniter.php(400): CodeIgniter\CodeIgniter->runController(Object(App\Controllers\Home))
#3 C:\xampp\htdocs\arthur\system\CodeIgniter.php(308): CodeIgniter\CodeIgniter->handleRequest(NULL, Object(Config\Cache), false)
#4 C:\xampp\htdocs\arthur\index.php(45): CodeIgniter\CodeIgniter->run()
#5 {main}
CRITICAL - 2020-08-23 13:12:01 --> Call to undefined function App\Models\oci_connect()
#0 C:\xampp\htdocs\arthur\app\Controllers\Home.php(13): App\Models\Conexao->Conectar()
#1 C:\xampp\htdocs\arthur\system\CodeIgniter.php(914): App\Controllers\Home->index()
#2 C:\xampp\htdocs\arthur\system\CodeIgniter.php(400): CodeIgniter\CodeIgniter->runController(Object(App\Controllers\Home))
#3 C:\xampp\htdocs\arthur\system\CodeIgniter.php(308): CodeIgniter\CodeIgniter->handleRequest(NULL, Object(Config\Cache), false)
#4 C:\xampp\htdocs\arthur\index.php(45): CodeIgniter\CodeIgniter->run()
#5 {main}
CRITICAL - 2020-08-23 13:12:12 --> Call to undefined function App\Models\oci_connect()
#0 C:\xampp\htdocs\arthur\app\Controllers\Home.php(13): App\Models\Conexao->Conectar()
#1 C:\xampp\htdocs\arthur\system\CodeIgniter.php(914): App\Controllers\Home->index()
#2 C:\xampp\htdocs\arthur\system\CodeIgniter.php(400): CodeIgniter\CodeIgniter->runController(Object(App\Controllers\Home))
#3 C:\xampp\htdocs\arthur\system\CodeIgniter.php(308): CodeIgniter\CodeIgniter->handleRequest(NULL, Object(Config\Cache), false)
#4 C:\xampp\htdocs\arthur\index.php(45): CodeIgniter\CodeIgniter->run()
#5 {main}
CRITICAL - 2020-08-23 13:14:46 --> Call to undefined function App\Models\oci_connect()
#0 C:\xampp\htdocs\arthur\app\Controllers\Home.php(13): App\Models\Conexao->Conectar()
#1 C:\xampp\htdocs\arthur\system\CodeIgniter.php(914): App\Controllers\Home->index()
#2 C:\xampp\htdocs\arthur\system\CodeIgniter.php(400): CodeIgniter\CodeIgniter->runController(Object(App\Controllers\Home))
#3 C:\xampp\htdocs\arthur\system\CodeIgniter.php(308): CodeIgniter\CodeIgniter->handleRequest(NULL, Object(Config\Cache), false)
#4 C:\xampp\htdocs\arthur\index.php(45): CodeIgniter\CodeIgniter->run()
#5 {main}
CRITICAL - 2020-08-23 13:17:06 --> Call to undefined function App\Models\oci_connect()
#0 C:\xampp\htdocs\arthur\app\Controllers\Home.php(13): App\Models\Conexao->Conectar()
#1 C:\xampp\htdocs\arthur\system\CodeIgniter.php(914): App\Controllers\Home->index()
#2 C:\xampp\htdocs\arthur\system\CodeIgniter.php(400): CodeIgniter\CodeIgniter->runController(Object(App\Controllers\Home))
#3 C:\xampp\htdocs\arthur\system\CodeIgniter.php(308): CodeIgniter\CodeIgniter->handleRequest(NULL, Object(Config\Cache), false)
#4 C:\xampp\htdocs\arthur\index.php(45): CodeIgniter\CodeIgniter->run()
#5 {main}
CRITICAL - 2020-08-23 13:34:14 --> Call to undefined function App\Models\oci_connect()
#0 C:\xampp\htdocs\arthur\app\Controllers\Home.php(13): App\Models\Conexao->Conectar()
#1 C:\xampp\htdocs\arthur\system\CodeIgniter.php(914): App\Controllers\Home->index()
#2 C:\xampp\htdocs\arthur\system\CodeIgniter.php(400): CodeIgniter\CodeIgniter->runController(Object(App\Controllers\Home))
#3 C:\xampp\htdocs\arthur\system\CodeIgniter.php(308): CodeIgniter\CodeIgniter->handleRequest(NULL, Object(Config\Cache), false)
#4 C:\xampp\htdocs\arthur\index.php(45): CodeIgniter\CodeIgniter->run()
#5 {main}
CRITICAL - 2020-08-23 21:05:57 --> Call to undefined function App\Models\oci_connect()
#0 C:\xampp\htdocs\arthur\app\Controllers\Home.php(13): App\Models\Conexao->Conectar()
#1 C:\xampp\htdocs\arthur\system\CodeIgniter.php(914): App\Controllers\Home->index()
#2 C:\xampp\htdocs\arthur\system\CodeIgniter.php(400): CodeIgniter\CodeIgniter->runController(Object(App\Controllers\Home))
#3 C:\xampp\htdocs\arthur\system\CodeIgniter.php(308): CodeIgniter\CodeIgniter->handleRequest(NULL, Object(Config\Cache), false)
#4 C:\xampp\htdocs\arthur\index.php(45): CodeIgniter\CodeIgniter->run()
#5 {main}
CRITICAL - 2020-08-23 21:07:51 --> Call to undefined function App\Models\oci_connect()
#0 C:\xampp\htdocs\arthur\app\Controllers\Home.php(13): App\Models\Conexao->Conectar()
#1 C:\xampp\htdocs\arthur\system\CodeIgniter.php(914): App\Controllers\Home->index()
#2 C:\xampp\htdocs\arthur\system\CodeIgniter.php(400): CodeIgniter\CodeIgniter->runController(Object(App\Controllers\Home))
#3 C:\xampp\htdocs\arthur\system\CodeIgniter.php(308): CodeIgniter\CodeIgniter->handleRequest(NULL, Object(Config\Cache), false)
#4 C:\xampp\htdocs\arthur\index.php(45): CodeIgniter\CodeIgniter->run()
#5 {main}
CRITICAL - 2020-08-23 21:07:52 --> Call to undefined function App\Models\oci_connect()
#0 C:\xampp\htdocs\arthur\app\Controllers\Home.php(13): App\Models\Conexao->Conectar()
#1 C:\xampp\htdocs\arthur\system\CodeIgniter.php(914): App\Controllers\Home->index()
#2 C:\xampp\htdocs\arthur\system\CodeIgniter.php(400): CodeIgniter\CodeIgniter->runController(Object(App\Controllers\Home))
#3 C:\xampp\htdocs\arthur\system\CodeIgniter.php(308): CodeIgniter\CodeIgniter->handleRequest(NULL, Object(Config\Cache), false)
#4 C:\xampp\htdocs\arthur\index.php(45): CodeIgniter\CodeIgniter->run()
#5 {main}
CRITICAL - 2020-08-23 21:07:59 --> Call to undefined function App\Models\oci_connect()
#0 C:\xampp\htdocs\arthur\app\Controllers\Home.php(13): App\Models\Conexao->Conectar()
#1 C:\xampp\htdocs\arthur\system\CodeIgniter.php(914): App\Controllers\Home->index()
#2 C:\xampp\htdocs\arthur\system\CodeIgniter.php(400): CodeIgniter\CodeIgniter->runController(Object(App\Controllers\Home))
#3 C:\xampp\htdocs\arthur\system\CodeIgniter.php(308): CodeIgniter\CodeIgniter->handleRequest(NULL, Object(Config\Cache), false)
#4 C:\xampp\htdocs\arthur\index.php(45): CodeIgniter\CodeIgniter->run()
#5 {main}
CRITICAL - 2020-08-23 21:22:38 --> Call to undefined function App\Models\oci_connect()
#0 C:\xampp\htdocs\arthur\app\Controllers\Home.php(13): App\Models\Conexao->Conectar()
#1 C:\xampp\htdocs\arthur\system\CodeIgniter.php(914): App\Controllers\Home->index()
#2 C:\xampp\htdocs\arthur\system\CodeIgniter.php(400): CodeIgniter\CodeIgniter->runController(Object(App\Controllers\Home))
#3 C:\xampp\htdocs\arthur\system\CodeIgniter.php(308): CodeIgniter\CodeIgniter->handleRequest(NULL, Object(Config\Cache), false)
#4 C:\xampp\htdocs\arthur\index.php(45): CodeIgniter\CodeIgniter->run()
#5 {main}
CRITICAL - 2020-08-23 21:30:51 --> Call to undefined function App\Models\oci_connect()
#0 C:\xampp\htdocs\arthur\app\Controllers\Home.php(13): App\Models\Conexao->Conectar()
#1 C:\xampp\htdocs\arthur\system\CodeIgniter.php(914): App\Controllers\Home->index()
#2 C:\xampp\htdocs\arthur\system\CodeIgniter.php(400): CodeIgniter\CodeIgniter->runController(Object(App\Controllers\Home))
#3 C:\xampp\htdocs\arthur\system\CodeIgniter.php(308): CodeIgniter\CodeIgniter->handleRequest(NULL, Object(Config\Cache), false)
#4 C:\xampp\htdocs\arthur\index.php(45): CodeIgniter\CodeIgniter->run()
#5 {main}
CRITICAL - 2020-08-23 21:30:51 --> Call to undefined function App\Models\oci_connect()
#0 C:\xampp\htdocs\arthur\app\Controllers\Home.php(13): App\Models\Conexao->Conectar()
#1 C:\xampp\htdocs\arthur\system\CodeIgniter.php(914): App\Controllers\Home->index()
#2 C:\xampp\htdocs\arthur\system\CodeIgniter.php(400): CodeIgniter\CodeIgniter->runController(Object(App\Controllers\Home))
#3 C:\xampp\htdocs\arthur\system\CodeIgniter.php(308): CodeIgniter\CodeIgniter->handleRequest(NULL, Object(Config\Cache), false)
#4 C:\xampp\htdocs\arthur\index.php(45): CodeIgniter\CodeIgniter->run()
#5 {main}
CRITICAL - 2020-08-23 21:39:04 --> Call to undefined function App\Models\oci_connect()
#0 C:\xampp\htdocs\arthur\app\Controllers\Home.php(13): App\Models\Conexao->Conectar()
#1 C:\xampp\htdocs\arthur\system\CodeIgniter.php(914): App\Controllers\Home->index()
#2 C:\xampp\htdocs\arthur\system\CodeIgniter.php(400): CodeIgniter\CodeIgniter->runController(Object(App\Controllers\Home))
#3 C:\xampp\htdocs\arthur\system\CodeIgniter.php(308): CodeIgniter\CodeIgniter->handleRequest(NULL, Object(Config\Cache), false)
#4 C:\xampp\htdocs\arthur\index.php(45): CodeIgniter\CodeIgniter->run()
#5 {main}
CRITICAL - 2020-08-23 21:39:26 --> Call to undefined function App\Models\oci_connect()
#0 C:\xampp\htdocs\arthur\app\Controllers\Home.php(13): App\Models\Conexao->Conectar()
#1 C:\xampp\htdocs\arthur\system\CodeIgniter.php(914): App\Controllers\Home->index()
#2 C:\xampp\htdocs\arthur\system\CodeIgniter.php(400): CodeIgniter\CodeIgniter->runController(Object(App\Controllers\Home))
#3 C:\xampp\htdocs\arthur\system\CodeIgniter.php(308): CodeIgniter\CodeIgniter->handleRequest(NULL, Object(Config\Cache), false)
#4 C:\xampp\htdocs\arthur\index.php(45): CodeIgniter\CodeIgniter->run()
#5 {main}
CRITICAL - 2020-08-23 21:39:28 --> Call to undefined function App\Models\oci_connect()
#0 C:\xampp\htdocs\arthur\app\Controllers\Home.php(13): App\Models\Conexao->Conectar()
#1 C:\xampp\htdocs\arthur\system\CodeIgniter.php(914): App\Controllers\Home->index()
#2 C:\xampp\htdocs\arthur\system\CodeIgniter.php(400): CodeIgniter\CodeIgniter->runController(Object(App\Controllers\Home))
#3 C:\xampp\htdocs\arthur\system\CodeIgniter.php(308): CodeIgniter\CodeIgniter->handleRequest(NULL, Object(Config\Cache), false)
#4 C:\xampp\htdocs\arthur\index.php(45): CodeIgniter\CodeIgniter->run()
#5 {main}
