CRITICAL - 2020-09-07 16:36:21 --> Undefined index: ATIVO
#0 C:\xampp\htdocs\arthur\app\Models\M_Usuario.php(200): CodeIgniter\Debug\Exceptions->errorHandler(8, 'Undefined index...', 'C:\\xampp\\htdocs...', 200, Array)
#1 C:\xampp\htdocs\arthur\app\Controllers\Login.php(28): App\Models\M_Usuario->AcessarSistema('PSICO', '3fa9c72f492e61b...')
#2 C:\xampp\htdocs\arthur\system\CodeIgniter.php(914): App\Controllers\Login->Logar()
#3 C:\xampp\htdocs\arthur\system\CodeIgniter.php(400): CodeIgniter\CodeIgniter->runController(Object(App\Controllers\Login))
#4 C:\xampp\htdocs\arthur\system\CodeIgniter.php(308): CodeIgniter\CodeIgniter->handleRequest(NULL, Object(Config\Cache), false)
#5 C:\xampp\htdocs\arthur\index.php(45): CodeIgniter\CodeIgniter->run()
#6 {main}
CRITICAL - 2020-09-07 16:56:36 --> Undefined index: nome
#0 C:\xampp\htdocs\arthur\app\Views\usuario\usuario.php(284): CodeIgniter\Debug\Exceptions->errorHandler(8, 'Undefined index...', 'C:\\xampp\\htdocs...', 284, Array)
#1 C:\xampp\htdocs\arthur\system\View\View.php(246): include('C:\\xampp\\htdocs...')
#2 C:\xampp\htdocs\arthur\system\Common.php(1087): CodeIgniter\View\View->render('usuario/usuario', Array, true)
#3 C:\xampp\htdocs\arthur\app\Controllers\Usuario.php(25): view('usuario/usuario')
#4 C:\xampp\htdocs\arthur\system\CodeIgniter.php(914): App\Controllers\Usuario->index()
#5 C:\xampp\htdocs\arthur\system\CodeIgniter.php(400): CodeIgniter\CodeIgniter->runController(Object(App\Controllers\Usuario))
#6 C:\xampp\htdocs\arthur\system\CodeIgniter.php(308): CodeIgniter\CodeIgniter->handleRequest(NULL, Object(Config\Cache), false)
#7 C:\xampp\htdocs\arthur\index.php(45): CodeIgniter\CodeIgniter->run()
#8 {main}
CRITICAL - 2020-09-07 16:56:51 --> Undefined index: nome
#0 C:\xampp\htdocs\arthur\app\Views\usuario\usuario.php(284): CodeIgniter\Debug\Exceptions->errorHandler(8, 'Undefined index...', 'C:\\xampp\\htdocs...', 284, Array)
#1 C:\xampp\htdocs\arthur\system\View\View.php(246): include('C:\\xampp\\htdocs...')
#2 C:\xampp\htdocs\arthur\system\Common.php(1087): CodeIgniter\View\View->render('usuario/usuario', Array, true)
#3 C:\xampp\htdocs\arthur\app\Controllers\Usuario.php(25): view('usuario/usuario')
#4 C:\xampp\htdocs\arthur\system\CodeIgniter.php(914): App\Controllers\Usuario->index()
#5 C:\xampp\htdocs\arthur\system\CodeIgniter.php(400): CodeIgniter\CodeIgniter->runController(Object(App\Controllers\Usuario))
#6 C:\xampp\htdocs\arthur\system\CodeIgniter.php(308): CodeIgniter\CodeIgniter->handleRequest(NULL, Object(Config\Cache), false)
#7 C:\xampp\htdocs\arthur\index.php(45): CodeIgniter\CodeIgniter->run()
#8 {main}
CRITICAL - 2020-09-07 16:57:06 --> Undefined index: nome
#0 C:\xampp\htdocs\arthur\app\Views\usuario\usuario.php(284): CodeIgniter\Debug\Exceptions->errorHandler(8, 'Undefined index...', 'C:\\xampp\\htdocs...', 284, Array)
#1 C:\xampp\htdocs\arthur\system\View\View.php(246): include('C:\\xampp\\htdocs...')
#2 C:\xampp\htdocs\arthur\system\Common.php(1087): CodeIgniter\View\View->render('usuario/usuario', Array, true)
#3 C:\xampp\htdocs\arthur\app\Controllers\Usuario.php(25): view('usuario/usuario')
#4 C:\xampp\htdocs\arthur\system\CodeIgniter.php(914): App\Controllers\Usuario->index()
#5 C:\xampp\htdocs\arthur\system\CodeIgniter.php(400): CodeIgniter\CodeIgniter->runController(Object(App\Controllers\Usuario))
#6 C:\xampp\htdocs\arthur\system\CodeIgniter.php(308): CodeIgniter\CodeIgniter->handleRequest(NULL, Object(Config\Cache), false)
#7 C:\xampp\htdocs\arthur\index.php(45): CodeIgniter\CodeIgniter->run()
#8 {main}
CRITICAL - 2020-09-07 17:40:13 --> oci_execute(): ORA-00001: unique constraint (ARTHUR.SYS_C007240) violated
#0 [internal function]: CodeIgniter\Debug\Exceptions->errorHandler(2, 'oci_execute(): ...', 'C:\\xampp\\htdocs...', 17, Array)
#1 C:\xampp\htdocs\arthur\app\Models\M_Setor.php(17): oci_execute(Resource id #106)
#2 C:\xampp\htdocs\arthur\app\Controllers\Setor.php(68): App\Models\M_Setor->CadastraSetor()
#3 C:\xampp\htdocs\arthur\app\Controllers\Setor.php(35): App\Controllers\Setor->CadastraSetor(Array)
#4 C:\xampp\htdocs\arthur\system\CodeIgniter.php(914): App\Controllers\Setor->acao('cadastra-setor')
#5 C:\xampp\htdocs\arthur\system\CodeIgniter.php(400): CodeIgniter\CodeIgniter->runController(Object(App\Controllers\Setor))
#6 C:\xampp\htdocs\arthur\system\CodeIgniter.php(308): CodeIgniter\CodeIgniter->handleRequest(NULL, Object(Config\Cache), false)
#7 C:\xampp\htdocs\arthur\index.php(45): CodeIgniter\CodeIgniter->run()
#8 {main}
CRITICAL - 2020-09-07 17:40:13 --> Uncaught CodeIgniter\Format\Exceptions\FormatException: Failed to parse json string, error: "{0}". in C:\xampp\htdocs\arthur\system\Format\Exceptions\FormatException.php:9
Stack trace:
#0 C:\xampp\htdocs\arthur\system\Format\JSONFormatter.php(67): CodeIgniter\Format\Exceptions\FormatException::forInvalidJSON('Type is not sup...')
#1 C:\xampp\htdocs\arthur\system\API\ResponseTrait.php(414): CodeIgniter\Format\JSONFormatter->format(Array)
#2 C:\xampp\htdocs\arthur\system\API\ResponseTrait.php(134): CodeIgniter\Debug\Exceptions->format(Array)
#3 C:\xampp\htdocs\arthur\system\Debug\Exceptions.php(166): CodeIgniter\Debug\Exceptions->respond(Array, 500)
#4 [internal function]: CodeIgniter\Debug\Exceptions->exceptionHandler(Object(ErrorException))
#5 {main}
  thrown
#0 [internal function]: CodeIgniter\Debug\Exceptions->shutdownHandler()
#1 {main}
