CRITICAL - 2020-09-05 00:24:10 --> oci_execute(): ORA-00933: SQL command not properly ended
#0 [internal function]: CodeIgniter\Debug\Exceptions->errorHandler(2, 'oci_execute(): ...', 'C:\\xampp\\htdocs...', 67, Array)
#1 C:\xampp\htdocs\arthur\app\Models\M_Covid.php(67): oci_execute(Resource id #105)
#2 C:\xampp\htdocs\arthur\app\Controllers\Covid.php(17): App\Models\M_Covid->ListaCovid('1')
#3 C:\xampp\htdocs\arthur\system\CodeIgniter.php(914): App\Controllers\Covid->index()
#4 C:\xampp\htdocs\arthur\system\CodeIgniter.php(400): CodeIgniter\CodeIgniter->runController(Object(App\Controllers\Covid))
#5 C:\xampp\htdocs\arthur\system\CodeIgniter.php(308): CodeIgniter\CodeIgniter->handleRequest(NULL, Object(Config\Cache), false)
#6 C:\xampp\htdocs\arthur\index.php(45): CodeIgniter\CodeIgniter->run()
#7 {main}
CRITICAL - 2020-09-05 00:58:14 --> oci_execute(): ORA-00001: unique constraint (ARTHUR.SYS_C007240) violated
#0 [internal function]: CodeIgniter\Debug\Exceptions->errorHandler(2, 'oci_execute(): ...', 'C:\\xampp\\htdocs...', 17, Array)
#1 C:\xampp\htdocs\arthur\app\Models\M_Setor.php(17): oci_execute(Resource id #106)
#2 C:\xampp\htdocs\arthur\app\Controllers\Setor.php(68): App\Models\M_Setor->CadastraSetor()
#3 C:\xampp\htdocs\arthur\app\Controllers\Setor.php(35): App\Controllers\Setor->CadastraSetor(Array)
#4 C:\xampp\htdocs\arthur\system\CodeIgniter.php(914): App\Controllers\Setor->acao('cadastra-setor')
#5 C:\xampp\htdocs\arthur\system\CodeIgniter.php(400): CodeIgniter\CodeIgniter->runController(Object(App\Controllers\Setor))
#6 C:\xampp\htdocs\arthur\system\CodeIgniter.php(308): CodeIgniter\CodeIgniter->handleRequest(NULL, Object(Config\Cache), false)
#7 C:\xampp\htdocs\arthur\index.php(45): CodeIgniter\CodeIgniter->run()
#8 {main}
CRITICAL - 2020-09-05 00:58:14 --> Uncaught CodeIgniter\Format\Exceptions\FormatException: Failed to parse json string, error: "{0}". in C:\xampp\htdocs\arthur\system\Format\Exceptions\FormatException.php:9
Stack trace:
#0 C:\xampp\htdocs\arthur\system\Format\JSONFormatter.php(67): CodeIgniter\Format\Exceptions\FormatException::forInvalidJSON('Type is not sup...')
#1 C:\xampp\htdocs\arthur\system\API\ResponseTrait.php(414): CodeIgniter\Format\JSONFormatter->format(Array)
#2 C:\xampp\htdocs\arthur\system\API\ResponseTrait.php(134): CodeIgniter\Debug\Exceptions->format(Array)
#3 C:\xampp\htdocs\arthur\system\Debug\Exceptions.php(166): CodeIgniter\Debug\Exceptions->respond(Array, 500)
#4 [internal function]: CodeIgniter\Debug\Exceptions->exceptionHandler(Object(ErrorException))
#5 {main}
  thrown
#0 [internal function]: CodeIgniter\Debug\Exceptions->shutdownHandler()
#1 {main}
CRITICAL - 2020-09-05 00:58:21 --> oci_execute(): ORA-00001: unique constraint (ARTHUR.SYS_C007240) violated
#0 [internal function]: CodeIgniter\Debug\Exceptions->errorHandler(2, 'oci_execute(): ...', 'C:\\xampp\\htdocs...', 17, Array)
#1 C:\xampp\htdocs\arthur\app\Models\M_Setor.php(17): oci_execute(Resource id #106)
#2 C:\xampp\htdocs\arthur\app\Controllers\Setor.php(68): App\Models\M_Setor->CadastraSetor()
#3 C:\xampp\htdocs\arthur\app\Controllers\Setor.php(35): App\Controllers\Setor->CadastraSetor(Array)
#4 C:\xampp\htdocs\arthur\system\CodeIgniter.php(914): App\Controllers\Setor->acao('cadastra-setor')
#5 C:\xampp\htdocs\arthur\system\CodeIgniter.php(400): CodeIgniter\CodeIgniter->runController(Object(App\Controllers\Setor))
#6 C:\xampp\htdocs\arthur\system\CodeIgniter.php(308): CodeIgniter\CodeIgniter->handleRequest(NULL, Object(Config\Cache), false)
#7 C:\xampp\htdocs\arthur\index.php(45): CodeIgniter\CodeIgniter->run()
#8 {main}
CRITICAL - 2020-09-05 00:58:21 --> Uncaught CodeIgniter\Format\Exceptions\FormatException: Failed to parse json string, error: "{0}". in C:\xampp\htdocs\arthur\system\Format\Exceptions\FormatException.php:9
Stack trace:
#0 C:\xampp\htdocs\arthur\system\Format\JSONFormatter.php(67): CodeIgniter\Format\Exceptions\FormatException::forInvalidJSON('Type is not sup...')
#1 C:\xampp\htdocs\arthur\system\API\ResponseTrait.php(414): CodeIgniter\Format\JSONFormatter->format(Array)
#2 C:\xampp\htdocs\arthur\system\API\ResponseTrait.php(134): CodeIgniter\Debug\Exceptions->format(Array)
#3 C:\xampp\htdocs\arthur\system\Debug\Exceptions.php(166): CodeIgniter\Debug\Exceptions->respond(Array, 500)
#4 [internal function]: CodeIgniter\Debug\Exceptions->exceptionHandler(Object(ErrorException))
#5 {main}
  thrown
#0 [internal function]: CodeIgniter\Debug\Exceptions->shutdownHandler()
#1 {main}
CRITICAL - 2020-09-05 01:01:46 --> oci_execute(): ORA-00001: unique constraint (ARTHUR.SYS_C007240) violated
#0 [internal function]: CodeIgniter\Debug\Exceptions->errorHandler(2, 'oci_execute(): ...', 'C:\\xampp\\htdocs...', 17, Array)
#1 C:\xampp\htdocs\arthur\app\Models\M_Setor.php(17): oci_execute(Resource id #106)
#2 C:\xampp\htdocs\arthur\app\Controllers\Setor.php(68): App\Models\M_Setor->CadastraSetor()
#3 C:\xampp\htdocs\arthur\app\Controllers\Setor.php(35): App\Controllers\Setor->CadastraSetor(Array)
#4 C:\xampp\htdocs\arthur\system\CodeIgniter.php(914): App\Controllers\Setor->acao('cadastra-setor')
#5 C:\xampp\htdocs\arthur\system\CodeIgniter.php(400): CodeIgniter\CodeIgniter->runController(Object(App\Controllers\Setor))
#6 C:\xampp\htdocs\arthur\system\CodeIgniter.php(308): CodeIgniter\CodeIgniter->handleRequest(NULL, Object(Config\Cache), false)
#7 C:\xampp\htdocs\arthur\index.php(45): CodeIgniter\CodeIgniter->run()
#8 {main}
CRITICAL - 2020-09-05 01:01:46 --> Uncaught CodeIgniter\Format\Exceptions\FormatException: Failed to parse json string, error: "{0}". in C:\xampp\htdocs\arthur\system\Format\Exceptions\FormatException.php:9
Stack trace:
#0 C:\xampp\htdocs\arthur\system\Format\JSONFormatter.php(67): CodeIgniter\Format\Exceptions\FormatException::forInvalidJSON('Type is not sup...')
#1 C:\xampp\htdocs\arthur\system\API\ResponseTrait.php(414): CodeIgniter\Format\JSONFormatter->format(Array)
#2 C:\xampp\htdocs\arthur\system\API\ResponseTrait.php(134): CodeIgniter\Debug\Exceptions->format(Array)
#3 C:\xampp\htdocs\arthur\system\Debug\Exceptions.php(166): CodeIgniter\Debug\Exceptions->respond(Array, 500)
#4 [internal function]: CodeIgniter\Debug\Exceptions->exceptionHandler(Object(ErrorException))
#5 {main}
  thrown
#0 [internal function]: CodeIgniter\Debug\Exceptions->shutdownHandler()
#1 {main}
CRITICAL - 2020-09-05 01:03:06 --> oci_execute(): ORA-00001: unique constraint (ARTHUR.SYS_C007240) violated
#0 [internal function]: CodeIgniter\Debug\Exceptions->errorHandler(2, 'oci_execute(): ...', 'C:\\xampp\\htdocs...', 17, Array)
#1 C:\xampp\htdocs\arthur\app\Models\M_Setor.php(17): oci_execute(Resource id #106)
#2 C:\xampp\htdocs\arthur\app\Controllers\Setor.php(68): App\Models\M_Setor->CadastraSetor()
#3 C:\xampp\htdocs\arthur\app\Controllers\Setor.php(35): App\Controllers\Setor->CadastraSetor(Array)
#4 C:\xampp\htdocs\arthur\system\CodeIgniter.php(914): App\Controllers\Setor->acao('cadastra-setor')
#5 C:\xampp\htdocs\arthur\system\CodeIgniter.php(400): CodeIgniter\CodeIgniter->runController(Object(App\Controllers\Setor))
#6 C:\xampp\htdocs\arthur\system\CodeIgniter.php(308): CodeIgniter\CodeIgniter->handleRequest(NULL, Object(Config\Cache), false)
#7 C:\xampp\htdocs\arthur\index.php(45): CodeIgniter\CodeIgniter->run()
#8 {main}
CRITICAL - 2020-09-05 01:03:06 --> Uncaught CodeIgniter\Format\Exceptions\FormatException: Failed to parse json string, error: "{0}". in C:\xampp\htdocs\arthur\system\Format\Exceptions\FormatException.php:9
Stack trace:
#0 C:\xampp\htdocs\arthur\system\Format\JSONFormatter.php(67): CodeIgniter\Format\Exceptions\FormatException::forInvalidJSON('Type is not sup...')
#1 C:\xampp\htdocs\arthur\system\API\ResponseTrait.php(414): CodeIgniter\Format\JSONFormatter->format(Array)
#2 C:\xampp\htdocs\arthur\system\API\ResponseTrait.php(134): CodeIgniter\Debug\Exceptions->format(Array)
#3 C:\xampp\htdocs\arthur\system\Debug\Exceptions.php(166): CodeIgniter\Debug\Exceptions->respond(Array, 500)
#4 [internal function]: CodeIgniter\Debug\Exceptions->exceptionHandler(Object(ErrorException))
#5 {main}
  thrown
#0 [internal function]: CodeIgniter\Debug\Exceptions->shutdownHandler()
#1 {main}
