CRITICAL - 2020-09-06 00:39:49 --> Undefined variable: total_covid
#0 C:\xampp\htdocs\arthur\app\Views\inicio.php(19): CodeIgniter\Debug\Exceptions->errorHandler(8, 'Undefined varia...', 'C:\\xampp\\htdocs...', 19, Array)
#1 C:\xampp\htdocs\arthur\system\View\View.php(246): include('C:\\xampp\\htdocs...')
#2 C:\xampp\htdocs\arthur\system\Common.php(1087): CodeIgniter\View\View->render('inicio', Array, true)
#3 C:\xampp\htdocs\arthur\app\Controllers\Analytics.php(26): view('inicio')
#4 C:\xampp\htdocs\arthur\system\CodeIgniter.php(914): App\Controllers\Analytics->index()
#5 C:\xampp\htdocs\arthur\system\CodeIgniter.php(400): CodeIgniter\CodeIgniter->runController(Object(App\Controllers\Analytics))
#6 C:\xampp\htdocs\arthur\system\CodeIgniter.php(308): CodeIgniter\CodeIgniter->handleRequest(NULL, Object(Config\Cache), false)
#7 C:\xampp\htdocs\arthur\index.php(45): CodeIgniter\CodeIgniter->run()
#8 {main}
CRITICAL - 2020-09-06 00:41:02 --> Undefined variable: total_setor
#0 C:\xampp\htdocs\arthur\app\Views\inicio.php(32): CodeIgniter\Debug\Exceptions->errorHandler(8, 'Undefined varia...', 'C:\\xampp\\htdocs...', 32, Array)
#1 C:\xampp\htdocs\arthur\system\View\View.php(246): include('C:\\xampp\\htdocs...')
#2 C:\xampp\htdocs\arthur\system\Common.php(1087): CodeIgniter\View\View->render('inicio', Array, true)
#3 C:\xampp\htdocs\arthur\app\Controllers\Analytics.php(28): view('inicio')
#4 C:\xampp\htdocs\arthur\system\CodeIgniter.php(914): App\Controllers\Analytics->index()
#5 C:\xampp\htdocs\arthur\system\CodeIgniter.php(400): CodeIgniter\CodeIgniter->runController(Object(App\Controllers\Analytics))
#6 C:\xampp\htdocs\arthur\system\CodeIgniter.php(308): CodeIgniter\CodeIgniter->handleRequest(NULL, Object(Config\Cache), false)
#7 C:\xampp\htdocs\arthur\index.php(45): CodeIgniter\CodeIgniter->run()
#8 {main}
CRITICAL - 2020-09-06 00:42:33 --> Invalid file: {0}
#0 C:\xampp\htdocs\arthur\system\View\View.php(228): CodeIgniter\Exceptions\FrameworkException::forInvalidFile('analytics.php')
#1 C:\xampp\htdocs\arthur\system\Common.php(1087): CodeIgniter\View\View->render('analytics', Array, true)
#2 C:\xampp\htdocs\arthur\app\Controllers\Analytics.php(29): view('analytics')
#3 C:\xampp\htdocs\arthur\system\CodeIgniter.php(914): App\Controllers\Analytics->index()
#4 C:\xampp\htdocs\arthur\system\CodeIgniter.php(400): CodeIgniter\CodeIgniter->runController(Object(App\Controllers\Analytics))
#5 C:\xampp\htdocs\arthur\system\CodeIgniter.php(308): CodeIgniter\CodeIgniter->handleRequest(NULL, Object(Config\Cache), false)
#6 C:\xampp\htdocs\arthur\index.php(45): CodeIgniter\CodeIgniter->run()
#7 {main}
CRITICAL - 2020-09-06 01:10:17 --> oci_execute(): ORA-00001: unique constraint (ARTHUR.SYS_C007240) violated
#0 [internal function]: CodeIgniter\Debug\Exceptions->errorHandler(2, 'oci_execute(): ...', 'C:\\xampp\\htdocs...', 17, Array)
#1 C:\xampp\htdocs\arthur\app\Models\M_Setor.php(17): oci_execute(Resource id #106)
#2 C:\xampp\htdocs\arthur\app\Controllers\Setor.php(68): App\Models\M_Setor->CadastraSetor()
#3 C:\xampp\htdocs\arthur\app\Controllers\Setor.php(35): App\Controllers\Setor->CadastraSetor(Array)
#4 C:\xampp\htdocs\arthur\system\CodeIgniter.php(914): App\Controllers\Setor->acao('cadastra-setor')
#5 C:\xampp\htdocs\arthur\system\CodeIgniter.php(400): CodeIgniter\CodeIgniter->runController(Object(App\Controllers\Setor))
#6 C:\xampp\htdocs\arthur\system\CodeIgniter.php(308): CodeIgniter\CodeIgniter->handleRequest(NULL, Object(Config\Cache), false)
#7 C:\xampp\htdocs\arthur\index.php(45): CodeIgniter\CodeIgniter->run()
#8 {main}
CRITICAL - 2020-09-06 01:10:17 --> Uncaught CodeIgniter\Format\Exceptions\FormatException: Failed to parse json string, error: "{0}". in C:\xampp\htdocs\arthur\system\Format\Exceptions\FormatException.php:9
Stack trace:
#0 C:\xampp\htdocs\arthur\system\Format\JSONFormatter.php(67): CodeIgniter\Format\Exceptions\FormatException::forInvalidJSON('Type is not sup...')
#1 C:\xampp\htdocs\arthur\system\API\ResponseTrait.php(414): CodeIgniter\Format\JSONFormatter->format(Array)
#2 C:\xampp\htdocs\arthur\system\API\ResponseTrait.php(134): CodeIgniter\Debug\Exceptions->format(Array)
#3 C:\xampp\htdocs\arthur\system\Debug\Exceptions.php(166): CodeIgniter\Debug\Exceptions->respond(Array, 500)
#4 [internal function]: CodeIgniter\Debug\Exceptions->exceptionHandler(Object(ErrorException))
#5 {main}
  thrown
#0 [internal function]: CodeIgniter\Debug\Exceptions->shutdownHandler()
#1 {main}
CRITICAL - 2020-09-06 01:10:28 --> oci_execute(): ORA-00001: unique constraint (ARTHUR.SYS_C007240) violated
#0 [internal function]: CodeIgniter\Debug\Exceptions->errorHandler(2, 'oci_execute(): ...', 'C:\\xampp\\htdocs...', 17, Array)
#1 C:\xampp\htdocs\arthur\app\Models\M_Setor.php(17): oci_execute(Resource id #106)
#2 C:\xampp\htdocs\arthur\app\Controllers\Setor.php(68): App\Models\M_Setor->CadastraSetor()
#3 C:\xampp\htdocs\arthur\app\Controllers\Setor.php(35): App\Controllers\Setor->CadastraSetor(Array)
#4 C:\xampp\htdocs\arthur\system\CodeIgniter.php(914): App\Controllers\Setor->acao('cadastra-setor')
#5 C:\xampp\htdocs\arthur\system\CodeIgniter.php(400): CodeIgniter\CodeIgniter->runController(Object(App\Controllers\Setor))
#6 C:\xampp\htdocs\arthur\system\CodeIgniter.php(308): CodeIgniter\CodeIgniter->handleRequest(NULL, Object(Config\Cache), false)
#7 C:\xampp\htdocs\arthur\index.php(45): CodeIgniter\CodeIgniter->run()
#8 {main}
CRITICAL - 2020-09-06 01:10:28 --> Uncaught CodeIgniter\Format\Exceptions\FormatException: Failed to parse json string, error: "{0}". in C:\xampp\htdocs\arthur\system\Format\Exceptions\FormatException.php:9
Stack trace:
#0 C:\xampp\htdocs\arthur\system\Format\JSONFormatter.php(67): CodeIgniter\Format\Exceptions\FormatException::forInvalidJSON('Type is not sup...')
#1 C:\xampp\htdocs\arthur\system\API\ResponseTrait.php(414): CodeIgniter\Format\JSONFormatter->format(Array)
#2 C:\xampp\htdocs\arthur\system\API\ResponseTrait.php(134): CodeIgniter\Debug\Exceptions->format(Array)
#3 C:\xampp\htdocs\arthur\system\Debug\Exceptions.php(166): CodeIgniter\Debug\Exceptions->respond(Array, 500)
#4 [internal function]: CodeIgniter\Debug\Exceptions->exceptionHandler(Object(ErrorException))
#5 {main}
  thrown
#0 [internal function]: CodeIgniter\Debug\Exceptions->shutdownHandler()
#1 {main}
CRITICAL - 2020-09-06 01:11:02 --> oci_execute(): ORA-00001: unique constraint (ARTHUR.SYS_C007240) violated
#0 [internal function]: CodeIgniter\Debug\Exceptions->errorHandler(2, 'oci_execute(): ...', 'C:\\xampp\\htdocs...', 17, Array)
#1 C:\xampp\htdocs\arthur\app\Models\M_Setor.php(17): oci_execute(Resource id #106)
#2 C:\xampp\htdocs\arthur\app\Controllers\Setor.php(68): App\Models\M_Setor->CadastraSetor()
#3 C:\xampp\htdocs\arthur\app\Controllers\Setor.php(35): App\Controllers\Setor->CadastraSetor(Array)
#4 C:\xampp\htdocs\arthur\system\CodeIgniter.php(914): App\Controllers\Setor->acao('cadastra-setor')
#5 C:\xampp\htdocs\arthur\system\CodeIgniter.php(400): CodeIgniter\CodeIgniter->runController(Object(App\Controllers\Setor))
#6 C:\xampp\htdocs\arthur\system\CodeIgniter.php(308): CodeIgniter\CodeIgniter->handleRequest(NULL, Object(Config\Cache), false)
#7 C:\xampp\htdocs\arthur\index.php(45): CodeIgniter\CodeIgniter->run()
#8 {main}
CRITICAL - 2020-09-06 01:11:02 --> Uncaught CodeIgniter\Format\Exceptions\FormatException: Failed to parse json string, error: "{0}". in C:\xampp\htdocs\arthur\system\Format\Exceptions\FormatException.php:9
Stack trace:
#0 C:\xampp\htdocs\arthur\system\Format\JSONFormatter.php(67): CodeIgniter\Format\Exceptions\FormatException::forInvalidJSON('Type is not sup...')
#1 C:\xampp\htdocs\arthur\system\API\ResponseTrait.php(414): CodeIgniter\Format\JSONFormatter->format(Array)
#2 C:\xampp\htdocs\arthur\system\API\ResponseTrait.php(134): CodeIgniter\Debug\Exceptions->format(Array)
#3 C:\xampp\htdocs\arthur\system\Debug\Exceptions.php(166): CodeIgniter\Debug\Exceptions->respond(Array, 500)
#4 [internal function]: CodeIgniter\Debug\Exceptions->exceptionHandler(Object(ErrorException))
#5 {main}
  thrown
#0 [internal function]: CodeIgniter\Debug\Exceptions->shutdownHandler()
#1 {main}
CRITICAL - 2020-09-06 01:19:24 --> oci_execute(): ORA-00001: unique constraint (ARTHUR.SYS_C007240) violated
#0 [internal function]: CodeIgniter\Debug\Exceptions->errorHandler(2, 'oci_execute(): ...', 'C:\\xampp\\htdocs...', 17, Array)
#1 C:\xampp\htdocs\arthur\app\Models\M_Setor.php(17): oci_execute(Resource id #106)
#2 C:\xampp\htdocs\arthur\app\Controllers\Setor.php(68): App\Models\M_Setor->CadastraSetor()
#3 C:\xampp\htdocs\arthur\app\Controllers\Setor.php(35): App\Controllers\Setor->CadastraSetor(Array)
#4 C:\xampp\htdocs\arthur\system\CodeIgniter.php(914): App\Controllers\Setor->acao('cadastra-setor')
#5 C:\xampp\htdocs\arthur\system\CodeIgniter.php(400): CodeIgniter\CodeIgniter->runController(Object(App\Controllers\Setor))
#6 C:\xampp\htdocs\arthur\system\CodeIgniter.php(308): CodeIgniter\CodeIgniter->handleRequest(NULL, Object(Config\Cache), false)
#7 C:\xampp\htdocs\arthur\index.php(45): CodeIgniter\CodeIgniter->run()
#8 {main}
CRITICAL - 2020-09-06 01:19:24 --> Uncaught CodeIgniter\Format\Exceptions\FormatException: Failed to parse json string, error: "{0}". in C:\xampp\htdocs\arthur\system\Format\Exceptions\FormatException.php:9
Stack trace:
#0 C:\xampp\htdocs\arthur\system\Format\JSONFormatter.php(67): CodeIgniter\Format\Exceptions\FormatException::forInvalidJSON('Type is not sup...')
#1 C:\xampp\htdocs\arthur\system\API\ResponseTrait.php(414): CodeIgniter\Format\JSONFormatter->format(Array)
#2 C:\xampp\htdocs\arthur\system\API\ResponseTrait.php(134): CodeIgniter\Debug\Exceptions->format(Array)
#3 C:\xampp\htdocs\arthur\system\Debug\Exceptions.php(166): CodeIgniter\Debug\Exceptions->respond(Array, 500)
#4 [internal function]: CodeIgniter\Debug\Exceptions->exceptionHandler(Object(ErrorException))
#5 {main}
  thrown
#0 [internal function]: CodeIgniter\Debug\Exceptions->shutdownHandler()
#1 {main}
CRITICAL - 2020-09-06 18:21:20 --> oci_execute(): ORA-00001: unique constraint (ARTHUR.SYS_C007240) violated
#0 [internal function]: CodeIgniter\Debug\Exceptions->errorHandler(2, 'oci_execute(): ...', 'C:\\xampp\\htdocs...', 17, Array)
#1 C:\xampp\htdocs\arthur\app\Models\M_Setor.php(17): oci_execute(Resource id #106)
#2 C:\xampp\htdocs\arthur\app\Controllers\Setor.php(68): App\Models\M_Setor->CadastraSetor()
#3 C:\xampp\htdocs\arthur\app\Controllers\Setor.php(35): App\Controllers\Setor->CadastraSetor(Array)
#4 C:\xampp\htdocs\arthur\system\CodeIgniter.php(914): App\Controllers\Setor->acao('cadastra-setor')
#5 C:\xampp\htdocs\arthur\system\CodeIgniter.php(400): CodeIgniter\CodeIgniter->runController(Object(App\Controllers\Setor))
#6 C:\xampp\htdocs\arthur\system\CodeIgniter.php(308): CodeIgniter\CodeIgniter->handleRequest(NULL, Object(Config\Cache), false)
#7 C:\xampp\htdocs\arthur\index.php(45): CodeIgniter\CodeIgniter->run()
#8 {main}
CRITICAL - 2020-09-06 18:21:21 --> Uncaught CodeIgniter\Format\Exceptions\FormatException: Failed to parse json string, error: "{0}". in C:\xampp\htdocs\arthur\system\Format\Exceptions\FormatException.php:9
Stack trace:
#0 C:\xampp\htdocs\arthur\system\Format\JSONFormatter.php(67): CodeIgniter\Format\Exceptions\FormatException::forInvalidJSON('Type is not sup...')
#1 C:\xampp\htdocs\arthur\system\API\ResponseTrait.php(414): CodeIgniter\Format\JSONFormatter->format(Array)
#2 C:\xampp\htdocs\arthur\system\API\ResponseTrait.php(134): CodeIgniter\Debug\Exceptions->format(Array)
#3 C:\xampp\htdocs\arthur\system\Debug\Exceptions.php(166): CodeIgniter\Debug\Exceptions->respond(Array, 500)
#4 [internal function]: CodeIgniter\Debug\Exceptions->exceptionHandler(Object(ErrorException))
#5 {main}
  thrown
#0 [internal function]: CodeIgniter\Debug\Exceptions->shutdownHandler()
#1 {main}
CRITICAL - 2020-09-06 18:21:21 --> oci_execute(): ORA-00001: unique constraint (ARTHUR.SYS_C007240) violated
#0 [internal function]: CodeIgniter\Debug\Exceptions->errorHandler(2, 'oci_execute(): ...', 'C:\\xampp\\htdocs...', 17, Array)
#1 C:\xampp\htdocs\arthur\app\Models\M_Setor.php(17): oci_execute(Resource id #106)
#2 C:\xampp\htdocs\arthur\app\Controllers\Setor.php(68): App\Models\M_Setor->CadastraSetor()
#3 C:\xampp\htdocs\arthur\app\Controllers\Setor.php(35): App\Controllers\Setor->CadastraSetor(Array)
#4 C:\xampp\htdocs\arthur\system\CodeIgniter.php(914): App\Controllers\Setor->acao('cadastra-setor')
#5 C:\xampp\htdocs\arthur\system\CodeIgniter.php(400): CodeIgniter\CodeIgniter->runController(Object(App\Controllers\Setor))
#6 C:\xampp\htdocs\arthur\system\CodeIgniter.php(308): CodeIgniter\CodeIgniter->handleRequest(NULL, Object(Config\Cache), false)
#7 C:\xampp\htdocs\arthur\index.php(45): CodeIgniter\CodeIgniter->run()
#8 {main}
CRITICAL - 2020-09-06 18:21:21 --> Uncaught CodeIgniter\Format\Exceptions\FormatException: Failed to parse json string, error: "{0}". in C:\xampp\htdocs\arthur\system\Format\Exceptions\FormatException.php:9
Stack trace:
#0 C:\xampp\htdocs\arthur\system\Format\JSONFormatter.php(67): CodeIgniter\Format\Exceptions\FormatException::forInvalidJSON('Type is not sup...')
#1 C:\xampp\htdocs\arthur\system\API\ResponseTrait.php(414): CodeIgniter\Format\JSONFormatter->format(Array)
#2 C:\xampp\htdocs\arthur\system\API\ResponseTrait.php(134): CodeIgniter\Debug\Exceptions->format(Array)
#3 C:\xampp\htdocs\arthur\system\Debug\Exceptions.php(166): CodeIgniter\Debug\Exceptions->respond(Array, 500)
#4 [internal function]: CodeIgniter\Debug\Exceptions->exceptionHandler(Object(ErrorException))
#5 {main}
  thrown
#0 [internal function]: CodeIgniter\Debug\Exceptions->shutdownHandler()
#1 {main}
CRITICAL - 2020-09-06 19:09:46 --> oci_execute(): ORA-00001: unique constraint (ARTHUR.SYS_C007240) violated
#0 [internal function]: CodeIgniter\Debug\Exceptions->errorHandler(2, 'oci_execute(): ...', 'C:\\xampp\\htdocs...', 17, Array)
#1 C:\xampp\htdocs\arthur\app\Models\M_Setor.php(17): oci_execute(Resource id #106)
#2 C:\xampp\htdocs\arthur\app\Controllers\Setor.php(68): App\Models\M_Setor->CadastraSetor()
#3 C:\xampp\htdocs\arthur\app\Controllers\Setor.php(35): App\Controllers\Setor->CadastraSetor(Array)
#4 C:\xampp\htdocs\arthur\system\CodeIgniter.php(914): App\Controllers\Setor->acao('cadastra-setor')
#5 C:\xampp\htdocs\arthur\system\CodeIgniter.php(400): CodeIgniter\CodeIgniter->runController(Object(App\Controllers\Setor))
#6 C:\xampp\htdocs\arthur\system\CodeIgniter.php(308): CodeIgniter\CodeIgniter->handleRequest(NULL, Object(Config\Cache), false)
#7 C:\xampp\htdocs\arthur\index.php(45): CodeIgniter\CodeIgniter->run()
#8 {main}
CRITICAL - 2020-09-06 19:09:47 --> Uncaught CodeIgniter\Format\Exceptions\FormatException: Failed to parse json string, error: "{0}". in C:\xampp\htdocs\arthur\system\Format\Exceptions\FormatException.php:9
Stack trace:
#0 C:\xampp\htdocs\arthur\system\Format\JSONFormatter.php(67): CodeIgniter\Format\Exceptions\FormatException::forInvalidJSON('Type is not sup...')
#1 C:\xampp\htdocs\arthur\system\API\ResponseTrait.php(414): CodeIgniter\Format\JSONFormatter->format(Array)
#2 C:\xampp\htdocs\arthur\system\API\ResponseTrait.php(134): CodeIgniter\Debug\Exceptions->format(Array)
#3 C:\xampp\htdocs\arthur\system\Debug\Exceptions.php(166): CodeIgniter\Debug\Exceptions->respond(Array, 500)
#4 [internal function]: CodeIgniter\Debug\Exceptions->exceptionHandler(Object(ErrorException))
#5 {main}
  thrown
#0 [internal function]: CodeIgniter\Debug\Exceptions->shutdownHandler()
#1 {main}
CRITICAL - 2020-09-06 20:05:11 --> oci_execute(): ORA-00001: unique constraint (ARTHUR.SYS_C007240) violated
#0 [internal function]: CodeIgniter\Debug\Exceptions->errorHandler(2, 'oci_execute(): ...', 'C:\\xampp\\htdocs...', 17, Array)
#1 C:\xampp\htdocs\arthur\app\Models\M_Setor.php(17): oci_execute(Resource id #106)
#2 C:\xampp\htdocs\arthur\app\Controllers\Setor.php(68): App\Models\M_Setor->CadastraSetor()
#3 C:\xampp\htdocs\arthur\app\Controllers\Setor.php(35): App\Controllers\Setor->CadastraSetor(Array)
#4 C:\xampp\htdocs\arthur\system\CodeIgniter.php(914): App\Controllers\Setor->acao('cadastra-setor')
#5 C:\xampp\htdocs\arthur\system\CodeIgniter.php(400): CodeIgniter\CodeIgniter->runController(Object(App\Controllers\Setor))
#6 C:\xampp\htdocs\arthur\system\CodeIgniter.php(308): CodeIgniter\CodeIgniter->handleRequest(NULL, Object(Config\Cache), false)
#7 C:\xampp\htdocs\arthur\index.php(45): CodeIgniter\CodeIgniter->run()
#8 {main}
CRITICAL - 2020-09-06 20:05:11 --> Uncaught CodeIgniter\Format\Exceptions\FormatException: Failed to parse json string, error: "{0}". in C:\xampp\htdocs\arthur\system\Format\Exceptions\FormatException.php:9
Stack trace:
#0 C:\xampp\htdocs\arthur\system\Format\JSONFormatter.php(67): CodeIgniter\Format\Exceptions\FormatException::forInvalidJSON('Type is not sup...')
#1 C:\xampp\htdocs\arthur\system\API\ResponseTrait.php(414): CodeIgniter\Format\JSONFormatter->format(Array)
#2 C:\xampp\htdocs\arthur\system\API\ResponseTrait.php(134): CodeIgniter\Debug\Exceptions->format(Array)
#3 C:\xampp\htdocs\arthur\system\Debug\Exceptions.php(166): CodeIgniter\Debug\Exceptions->respond(Array, 500)
#4 [internal function]: CodeIgniter\Debug\Exceptions->exceptionHandler(Object(ErrorException))
#5 {main}
  thrown
#0 [internal function]: CodeIgniter\Debug\Exceptions->shutdownHandler()
#1 {main}
CRITICAL - 2020-09-06 20:56:51 --> Undefined index: usuario
#0 C:\xampp\htdocs\arthur\app\Views\usuario\usuario.php(284): CodeIgniter\Debug\Exceptions->errorHandler(8, 'Undefined index...', 'C:\\xampp\\htdocs...', 284, Array)
#1 C:\xampp\htdocs\arthur\system\View\View.php(246): include('C:\\xampp\\htdocs...')
#2 C:\xampp\htdocs\arthur\system\Common.php(1087): CodeIgniter\View\View->render('usuario/usuario', Array, true)
#3 C:\xampp\htdocs\arthur\app\Controllers\Usuario.php(25): view('usuario/usuario')
#4 C:\xampp\htdocs\arthur\system\CodeIgniter.php(914): App\Controllers\Usuario->index()
#5 C:\xampp\htdocs\arthur\system\CodeIgniter.php(400): CodeIgniter\CodeIgniter->runController(Object(App\Controllers\Usuario))
#6 C:\xampp\htdocs\arthur\system\CodeIgniter.php(308): CodeIgniter\CodeIgniter->handleRequest(NULL, Object(Config\Cache), false)
#7 C:\xampp\htdocs\arthur\index.php(45): CodeIgniter\CodeIgniter->run()
#8 {main}
CRITICAL - 2020-09-06 20:57:28 --> Undefined variable: formulario
#0 C:\xampp\htdocs\arthur\app\Views\usuario\usuario.php(284): CodeIgniter\Debug\Exceptions->errorHandler(8, 'Undefined varia...', 'C:\\xampp\\htdocs...', 284, Array)
#1 C:\xampp\htdocs\arthur\system\View\View.php(246): include('C:\\xampp\\htdocs...')
#2 C:\xampp\htdocs\arthur\system\Common.php(1087): CodeIgniter\View\View->render('usuario/usuario', Array, true)
#3 C:\xampp\htdocs\arthur\app\Controllers\Usuario.php(25): view('usuario/usuario')
#4 C:\xampp\htdocs\arthur\system\CodeIgniter.php(914): App\Controllers\Usuario->index()
#5 C:\xampp\htdocs\arthur\system\CodeIgniter.php(400): CodeIgniter\CodeIgniter->runController(Object(App\Controllers\Usuario))
#6 C:\xampp\htdocs\arthur\system\CodeIgniter.php(308): CodeIgniter\CodeIgniter->handleRequest(NULL, Object(Config\Cache), false)
#7 C:\xampp\htdocs\arthur\index.php(45): CodeIgniter\CodeIgniter->run()
#8 {main}
CRITICAL - 2020-09-06 21:07:25 --> Array to string conversion
#0 C:\xampp\htdocs\arthur\app\Views\usuario\usuario.php(284): CodeIgniter\Debug\Exceptions->errorHandler(8, 'Array to string...', 'C:\\xampp\\htdocs...', 284, Array)
#1 C:\xampp\htdocs\arthur\system\View\View.php(246): include('C:\\xampp\\htdocs...')
#2 C:\xampp\htdocs\arthur\system\Common.php(1087): CodeIgniter\View\View->render('usuario/usuario', Array, true)
#3 C:\xampp\htdocs\arthur\app\Controllers\Usuario.php(25): view('usuario/usuario')
#4 C:\xampp\htdocs\arthur\system\CodeIgniter.php(914): App\Controllers\Usuario->index()
#5 C:\xampp\htdocs\arthur\system\CodeIgniter.php(400): CodeIgniter\CodeIgniter->runController(Object(App\Controllers\Usuario))
#6 C:\xampp\htdocs\arthur\system\CodeIgniter.php(308): CodeIgniter\CodeIgniter->handleRequest(NULL, Object(Config\Cache), false)
#7 C:\xampp\htdocs\arthur\index.php(45): CodeIgniter\CodeIgniter->run()
#8 {main}
CRITICAL - 2020-09-06 21:07:27 --> Array to string conversion
#0 C:\xampp\htdocs\arthur\app\Views\usuario\usuario.php(284): CodeIgniter\Debug\Exceptions->errorHandler(8, 'Array to string...', 'C:\\xampp\\htdocs...', 284, Array)
#1 C:\xampp\htdocs\arthur\system\View\View.php(246): include('C:\\xampp\\htdocs...')
#2 C:\xampp\htdocs\arthur\system\Common.php(1087): CodeIgniter\View\View->render('usuario/usuario', Array, true)
#3 C:\xampp\htdocs\arthur\app\Controllers\Usuario.php(25): view('usuario/usuario')
#4 C:\xampp\htdocs\arthur\system\CodeIgniter.php(914): App\Controllers\Usuario->index()
#5 C:\xampp\htdocs\arthur\system\CodeIgniter.php(400): CodeIgniter\CodeIgniter->runController(Object(App\Controllers\Usuario))
#6 C:\xampp\htdocs\arthur\system\CodeIgniter.php(308): CodeIgniter\CodeIgniter->handleRequest(NULL, Object(Config\Cache), false)
#7 C:\xampp\htdocs\arthur\index.php(45): CodeIgniter\CodeIgniter->run()
#8 {main}
CRITICAL - 2020-09-06 21:07:32 --> Array to string conversion
#0 C:\xampp\htdocs\arthur\app\Views\usuario\usuario.php(284): CodeIgniter\Debug\Exceptions->errorHandler(8, 'Array to string...', 'C:\\xampp\\htdocs...', 284, Array)
#1 C:\xampp\htdocs\arthur\system\View\View.php(246): include('C:\\xampp\\htdocs...')
#2 C:\xampp\htdocs\arthur\system\Common.php(1087): CodeIgniter\View\View->render('usuario/usuario', Array, true)
#3 C:\xampp\htdocs\arthur\app\Controllers\Usuario.php(25): view('usuario/usuario')
#4 C:\xampp\htdocs\arthur\system\CodeIgniter.php(914): App\Controllers\Usuario->index()
#5 C:\xampp\htdocs\arthur\system\CodeIgniter.php(400): CodeIgniter\CodeIgniter->runController(Object(App\Controllers\Usuario))
#6 C:\xampp\htdocs\arthur\system\CodeIgniter.php(308): CodeIgniter\CodeIgniter->handleRequest(NULL, Object(Config\Cache), false)
#7 C:\xampp\htdocs\arthur\index.php(45): CodeIgniter\CodeIgniter->run()
#8 {main}
CRITICAL - 2020-09-06 21:37:16 --> oci_execute(): ORA-00001: unique constraint (ARTHUR.SYS_C007240) violated
#0 [internal function]: CodeIgniter\Debug\Exceptions->errorHandler(2, 'oci_execute(): ...', 'C:\\xampp\\htdocs...', 17, Array)
#1 C:\xampp\htdocs\arthur\app\Models\M_Setor.php(17): oci_execute(Resource id #106)
#2 C:\xampp\htdocs\arthur\app\Controllers\Setor.php(68): App\Models\M_Setor->CadastraSetor()
#3 C:\xampp\htdocs\arthur\app\Controllers\Setor.php(35): App\Controllers\Setor->CadastraSetor(Array)
#4 C:\xampp\htdocs\arthur\system\CodeIgniter.php(914): App\Controllers\Setor->acao('cadastra-setor')
#5 C:\xampp\htdocs\arthur\system\CodeIgniter.php(400): CodeIgniter\CodeIgniter->runController(Object(App\Controllers\Setor))
#6 C:\xampp\htdocs\arthur\system\CodeIgniter.php(308): CodeIgniter\CodeIgniter->handleRequest(NULL, Object(Config\Cache), false)
#7 C:\xampp\htdocs\arthur\index.php(45): CodeIgniter\CodeIgniter->run()
#8 {main}
CRITICAL - 2020-09-06 21:37:16 --> Uncaught CodeIgniter\Format\Exceptions\FormatException: Failed to parse json string, error: "{0}". in C:\xampp\htdocs\arthur\system\Format\Exceptions\FormatException.php:9
Stack trace:
#0 C:\xampp\htdocs\arthur\system\Format\JSONFormatter.php(67): CodeIgniter\Format\Exceptions\FormatException::forInvalidJSON('Type is not sup...')
#1 C:\xampp\htdocs\arthur\system\API\ResponseTrait.php(414): CodeIgniter\Format\JSONFormatter->format(Array)
#2 C:\xampp\htdocs\arthur\system\API\ResponseTrait.php(134): CodeIgniter\Debug\Exceptions->format(Array)
#3 C:\xampp\htdocs\arthur\system\Debug\Exceptions.php(166): CodeIgniter\Debug\Exceptions->respond(Array, 500)
#4 [internal function]: CodeIgniter\Debug\Exceptions->exceptionHandler(Object(ErrorException))
#5 {main}
  thrown
#0 [internal function]: CodeIgniter\Debug\Exceptions->shutdownHandler()
#1 {main}
CRITICAL - 2020-09-06 21:37:23 --> oci_execute(): ORA-00001: unique constraint (ARTHUR.SYS_C007240) violated
#0 [internal function]: CodeIgniter\Debug\Exceptions->errorHandler(2, 'oci_execute(): ...', 'C:\\xampp\\htdocs...', 17, Array)
#1 C:\xampp\htdocs\arthur\app\Models\M_Setor.php(17): oci_execute(Resource id #106)
#2 C:\xampp\htdocs\arthur\app\Controllers\Setor.php(68): App\Models\M_Setor->CadastraSetor()
#3 C:\xampp\htdocs\arthur\app\Controllers\Setor.php(35): App\Controllers\Setor->CadastraSetor(Array)
#4 C:\xampp\htdocs\arthur\system\CodeIgniter.php(914): App\Controllers\Setor->acao('cadastra-setor')
#5 C:\xampp\htdocs\arthur\system\CodeIgniter.php(400): CodeIgniter\CodeIgniter->runController(Object(App\Controllers\Setor))
#6 C:\xampp\htdocs\arthur\system\CodeIgniter.php(308): CodeIgniter\CodeIgniter->handleRequest(NULL, Object(Config\Cache), false)
#7 C:\xampp\htdocs\arthur\index.php(45): CodeIgniter\CodeIgniter->run()
#8 {main}
CRITICAL - 2020-09-06 21:37:23 --> Uncaught CodeIgniter\Format\Exceptions\FormatException: Failed to parse json string, error: "{0}". in C:\xampp\htdocs\arthur\system\Format\Exceptions\FormatException.php:9
Stack trace:
#0 C:\xampp\htdocs\arthur\system\Format\JSONFormatter.php(67): CodeIgniter\Format\Exceptions\FormatException::forInvalidJSON('Type is not sup...')
#1 C:\xampp\htdocs\arthur\system\API\ResponseTrait.php(414): CodeIgniter\Format\JSONFormatter->format(Array)
#2 C:\xampp\htdocs\arthur\system\API\ResponseTrait.php(134): CodeIgniter\Debug\Exceptions->format(Array)
#3 C:\xampp\htdocs\arthur\system\Debug\Exceptions.php(166): CodeIgniter\Debug\Exceptions->respond(Array, 500)
#4 [internal function]: CodeIgniter\Debug\Exceptions->exceptionHandler(Object(ErrorException))
#5 {main}
  thrown
#0 [internal function]: CodeIgniter\Debug\Exceptions->shutdownHandler()
#1 {main}
CRITICAL - 2020-09-06 21:38:13 --> oci_execute(): ORA-00001: unique constraint (ARTHUR.SYS_C007240) violated
#0 [internal function]: CodeIgniter\Debug\Exceptions->errorHandler(2, 'oci_execute(): ...', 'C:\\xampp\\htdocs...', 17, Array)
#1 C:\xampp\htdocs\arthur\app\Models\M_Setor.php(17): oci_execute(Resource id #106)
#2 C:\xampp\htdocs\arthur\app\Controllers\Setor.php(68): App\Models\M_Setor->CadastraSetor()
#3 C:\xampp\htdocs\arthur\app\Controllers\Setor.php(35): App\Controllers\Setor->CadastraSetor(Array)
#4 C:\xampp\htdocs\arthur\system\CodeIgniter.php(914): App\Controllers\Setor->acao('cadastra-setor')
#5 C:\xampp\htdocs\arthur\system\CodeIgniter.php(400): CodeIgniter\CodeIgniter->runController(Object(App\Controllers\Setor))
#6 C:\xampp\htdocs\arthur\system\CodeIgniter.php(308): CodeIgniter\CodeIgniter->handleRequest(NULL, Object(Config\Cache), false)
#7 C:\xampp\htdocs\arthur\index.php(45): CodeIgniter\CodeIgniter->run()
#8 {main}
CRITICAL - 2020-09-06 21:38:13 --> Uncaught CodeIgniter\Format\Exceptions\FormatException: Failed to parse json string, error: "{0}". in C:\xampp\htdocs\arthur\system\Format\Exceptions\FormatException.php:9
Stack trace:
#0 C:\xampp\htdocs\arthur\system\Format\JSONFormatter.php(67): CodeIgniter\Format\Exceptions\FormatException::forInvalidJSON('Type is not sup...')
#1 C:\xampp\htdocs\arthur\system\API\ResponseTrait.php(414): CodeIgniter\Format\JSONFormatter->format(Array)
#2 C:\xampp\htdocs\arthur\system\API\ResponseTrait.php(134): CodeIgniter\Debug\Exceptions->format(Array)
#3 C:\xampp\htdocs\arthur\system\Debug\Exceptions.php(166): CodeIgniter\Debug\Exceptions->respond(Array, 500)
#4 [internal function]: CodeIgniter\Debug\Exceptions->exceptionHandler(Object(ErrorException))
#5 {main}
  thrown
#0 [internal function]: CodeIgniter\Debug\Exceptions->shutdownHandler()
#1 {main}
